<?xml version="1.0" encoding="UTF-8"?>
<!-- Generated by org.testng.reporters.JUnitReportReporter -->
<testsuite skipped="1" hostname="LAPTOP-KBL3VNM6" name="com.capge.hos1.script.testscript" tests="5" failures="0" timestamp="2020-09-11T03:37:44 IST" time="15.368" errors="0">
  <testcase name="validateloginid" time="14.931" classname="com.capge.hos1.script.testscript"/>
  <system-out/>
  <testcase name="validatepass" time="0.155" classname="com.capge.hos1.script.testscript"/>
  <system-out/>
  <testcase name="validatelogin" time="0.119" classname="com.capge.hos1.script.testscript"/>
  <system-out/>
  <testcase name="validatetitle" time="0.163" classname="com.capge.hos1.script.testscript"/>
  <system-out/>
  <testcase name="validatenotnow" classname="com.capge.hos1.script.testscript">
    <skipped/>
  </testcase> <!-- validatenotnow -->
  <system-out/>
</testsuite> <!-- com.capge.hos1.script.testscript -->
